<?xml version="1.0" encoding="UTF-8"?>
<testsuite name="com.phonebook.tests.LoginTests" tests="1" skipped="0" failures="0" errors="0" timestamp="2024-02-12T19:53:19" hostname="SAMSUNG" time="1.123">
  <properties/>
  <testcase name="loginRegisteredUserPositiveTest" classname="com.phonebook.tests.LoginTests" time="1.123"/>
  <system-out><![CDATA[]]></system-out>
  <system-err><![CDATA[]]></system-err>
</testsuite>
